2026-05-17 16:37:04 [sia_preparation] CRITICAL Process-1: Original creado.
2026-05-17 16:37:04 [sia_preparation] CRITICAL Process-1: Original:
2026-05-17 16:37:04 [sia_preparation] CRITICAL Process-1: Candidato creado.
2026-05-17 16:37:04 [sia_preparation] CRITICAL Process-1: Subsistema creado.
2026-05-17 16:37:04 [sia_preparation] CRITICAL Process-1: Iniciando análisis multivariante GeoMIP (K=[2..5]).
2026-05-17 16:37:04 [sia_preparation] CRITICAL Process-1: Topología Acotada - Nivel 1: 15 estados y 15 transiciones aseguradas en la malla.
2026-05-17 16:37:04 [sia_preparation] CRITICAL Process-1: Topología Acotada - Nivel 2: 105 estados y 105 transiciones aseguradas en la malla.
2026-05-17 16:37:05 [sia_preparation] CRITICAL Process-1: Topología Acotada - Nivel 3: 455 estados y 455 transiciones aseguradas en la malla.
2026-05-17 16:37:09 [sia_preparation] CRITICAL Process-1: Topología Acotada - Nivel 4: 1365 estados y 1365 transiciones aseguradas en la malla.
2026-05-17 16:37:36 [sia_preparation] CRITICAL Process-1: Topología Acotada - Nivel 5: 3003 estados y 3003 transiciones aseguradas en la malla.
2026-05-17 16:39:36 [sia_preparation] CRITICAL Process-1: Topología Acotada - Nivel 6: 5005 estados y 5005 transiciones aseguradas en la malla.
2026-05-17 16:45:12 [sia_preparation] CRITICAL Process-1: Topología Acotada - Nivel 7: 6435 estados y 6435 transiciones aseguradas en la malla.
2026-05-17 16:53:43 [sia_preparation] CRITICAL Process-1: Topología Acotada - Nivel 8: 6435 estados y 6435 transiciones aseguradas en la malla.
2026-05-17 17:02:23 [sia_preparation] CRITICAL Process-1: Topología Acotada - Nivel 9: 5005 estados y 5005 transiciones aseguradas en la malla.
2026-05-17 17:06:51 [sia_preparation] CRITICAL Process-1: Topología Acotada - Nivel 10: 3003 estados y 3003 transiciones aseguradas en la malla.
2026-05-17 17:07:51 [sia_preparation] CRITICAL Process-1: Topología Acotada - Nivel 11: 1365 estados y 1365 transiciones aseguradas en la malla.
2026-05-17 17:08:02 [sia_preparation] CRITICAL Process-1: Topología Acotada - Nivel 12: 455 estados y 455 transiciones aseguradas en la malla.
2026-05-17 17:08:03 [sia_preparation] CRITICAL Process-1: Topología Acotada - Nivel 13: 105 estados y 105 transiciones aseguradas en la malla.
2026-05-17 17:08:03 [sia_preparation] CRITICAL Process-1: Topología Acotada - Nivel 14: 15 estados y 15 transiciones aseguradas en la malla.
2026-05-17 17:08:03 [sia_preparation] CRITICAL Process-1: Topología Acotada - Nivel 15: 1 estados y 1 transiciones aseguradas en la malla.
