2026-05-18 03:16:27 [sia_preparation] CRITICAL Process-50: Original creado.
2026-05-18 03:16:27 [sia_preparation] CRITICAL Process-50: Original:
2026-05-18 03:16:27 [sia_preparation] CRITICAL Process-50: Candidato creado.
2026-05-18 03:16:27 [sia_preparation] CRITICAL Process-50: Subsistema creado.
2026-05-18 03:16:27 [sia_preparation] CRITICAL Process-50: Iniciando análisis GeoMIP.
2026-05-18 03:16:27 [sia_preparation] CRITICAL Process-50: Nivel 1: 14 estados procesados.
2026-05-18 03:16:27 [sia_preparation] CRITICAL Process-50: Nivel 2: 91 estados procesados.
2026-05-18 03:16:27 [sia_preparation] CRITICAL Process-50: Nivel 3: 364 estados procesados.
2026-05-18 03:16:27 [sia_preparation] CRITICAL Process-50: Nivel 4: 1001 estados procesados.
2026-05-18 03:16:28 [sia_preparation] CRITICAL Process-50: Nivel 5: 2002 estados procesados.
2026-05-18 03:16:29 [sia_preparation] CRITICAL Process-50: Nivel 6: 3003 estados procesados.
2026-05-18 03:16:31 [sia_preparation] CRITICAL Process-50: Nivel 7: 3432 estados procesados.
2026-05-18 03:16:32 [sia_preparation] CRITICAL Process-50: Nivel 8: 3003 estados procesados.
2026-05-18 03:16:34 [sia_preparation] CRITICAL Process-50: Nivel 9: 2002 estados procesados.
2026-05-18 03:16:35 [sia_preparation] CRITICAL Process-50: Nivel 10: 1001 estados procesados.
2026-05-18 03:16:35 [sia_preparation] CRITICAL Process-50: Nivel 11: 364 estados procesados.
2026-05-18 03:16:35 [sia_preparation] CRITICAL Process-50: Nivel 12: 91 estados procesados.
2026-05-18 03:16:35 [sia_preparation] CRITICAL Process-50: Nivel 13: 14 estados procesados.
2026-05-18 03:16:35 [sia_preparation] CRITICAL Process-50: Nivel 14: 1 estados procesados.
2026-05-18 03:16:35 [sia_preparation] CRITICAL Process-50: Tabla T completa. Identificando candidatos...
2026-05-18 03:16:35 [sia_preparation] CRITICAL Process-50: Candidatos generados: 42
2026-05-18 03:16:35 [sia_preparation] CRITICAL Process-50: Evaluando candidato 1/42...
2026-05-18 03:16:35 [sia_preparation] CRITICAL Process-50: Evaluando candidato 2/42...
2026-05-18 03:16:35 [sia_preparation] CRITICAL Process-50: Evaluando candidato 3/42...
2026-05-18 03:16:35 [sia_preparation] CRITICAL Process-50: Evaluando candidato 4/42...
2026-05-18 03:16:35 [sia_preparation] CRITICAL Process-50: Evaluando candidato 5/42...
2026-05-18 03:16:35 [sia_preparation] CRITICAL Process-50: Evaluando candidato 6/42...
2026-05-18 03:16:35 [sia_preparation] CRITICAL Process-50: Evaluando candidato 7/42...
2026-05-18 03:16:35 [sia_preparation] CRITICAL Process-50: Evaluando candidato 8/42...
2026-05-18 03:16:35 [sia_preparation] CRITICAL Process-50: Evaluando candidato 9/42...
2026-05-18 03:16:35 [sia_preparation] CRITICAL Process-50: Evaluando candidato 10/42...
2026-05-18 03:16:35 [sia_preparation] CRITICAL Process-50: Evaluando candidato 11/42...
2026-05-18 03:16:35 [sia_preparation] CRITICAL Process-50: Evaluando candidato 12/42...
2026-05-18 03:16:35 [sia_preparation] CRITICAL Process-50: Evaluando candidato 13/42...
2026-05-18 03:16:35 [sia_preparation] CRITICAL Process-50: Evaluando candidato 14/42...
2026-05-18 03:16:35 [sia_preparation] CRITICAL Process-50: Evaluando candidato 15/42...
2026-05-18 03:16:35 [sia_preparation] CRITICAL Process-50: Evaluando candidato 16/42...
2026-05-18 03:16:35 [sia_preparation] CRITICAL Process-50: Evaluando candidato 17/42...
2026-05-18 03:16:35 [sia_preparation] CRITICAL Process-50: Evaluando candidato 18/42...
2026-05-18 03:16:35 [sia_preparation] CRITICAL Process-50: Evaluando candidato 19/42...
2026-05-18 03:16:35 [sia_preparation] CRITICAL Process-50: Evaluando candidato 20/42...
2026-05-18 03:16:35 [sia_preparation] CRITICAL Process-50: Evaluando candidato 21/42...
2026-05-18 03:16:35 [sia_preparation] CRITICAL Process-50: Evaluando candidato 22/42...
2026-05-18 03:16:35 [sia_preparation] CRITICAL Process-50: Evaluando candidato 23/42...
2026-05-18 03:16:35 [sia_preparation] CRITICAL Process-50: Evaluando candidato 24/42...
2026-05-18 03:16:35 [sia_preparation] CRITICAL Process-50: Evaluando candidato 25/42...
2026-05-18 03:16:35 [sia_preparation] CRITICAL Process-50: Evaluando candidato 26/42...
2026-05-18 03:16:35 [sia_preparation] CRITICAL Process-50: Evaluando candidato 27/42...
2026-05-18 03:16:36 [sia_preparation] CRITICAL Process-50: Evaluando candidato 28/42...
2026-05-18 03:16:36 [sia_preparation] CRITICAL Process-50: Evaluando candidato 29/42...
2026-05-18 03:16:36 [sia_preparation] CRITICAL Process-50: Evaluando candidato 30/42...
2026-05-18 03:16:36 [sia_preparation] CRITICAL Process-50: Evaluando candidato 31/42...
2026-05-18 03:16:36 [sia_preparation] CRITICAL Process-50: Evaluando candidato 32/42...
2026-05-18 03:16:36 [sia_preparation] CRITICAL Process-50: Evaluando candidato 33/42...
2026-05-18 03:16:36 [sia_preparation] CRITICAL Process-50: Evaluando candidato 34/42...
2026-05-18 03:16:36 [sia_preparation] CRITICAL Process-50: Evaluando candidato 35/42...
2026-05-18 03:16:36 [sia_preparation] CRITICAL Process-50: Evaluando candidato 36/42...
2026-05-18 03:16:36 [sia_preparation] CRITICAL Process-50: Evaluando candidato 37/42...
2026-05-18 03:16:36 [sia_preparation] CRITICAL Process-50: Evaluando candidato 38/42...
2026-05-18 03:16:36 [sia_preparation] CRITICAL Process-50: Evaluando candidato 39/42...
2026-05-18 03:16:36 [sia_preparation] CRITICAL Process-50: Evaluando candidato 40/42...
2026-05-18 03:16:36 [sia_preparation] CRITICAL Process-50: Evaluando candidato 41/42...
2026-05-18 03:16:36 [sia_preparation] CRITICAL Process-50: Evaluando candidato 42/42...
2026-05-18 03:16:36 [sia_preparation] CRITICAL Process-50: MIP encontrada.
