2026-05-18 01:59:58 [sia_preparation] CRITICAL Process-48: Original creado.
2026-05-18 01:59:58 [sia_preparation] CRITICAL Process-48: Original:
2026-05-18 01:59:58 [sia_preparation] CRITICAL Process-48: Candidato creado.
2026-05-18 01:59:58 [sia_preparation] CRITICAL Process-48: Subsistema creado.
2026-05-18 01:59:58 [sia_preparation] CRITICAL Process-48: Iniciando análisis GeoMIP.
2026-05-18 01:59:58 [sia_preparation] CRITICAL Process-48: Nivel 1: 7 estados procesados.
2026-05-18 01:59:58 [sia_preparation] CRITICAL Process-48: Nivel 2: 21 estados procesados.
2026-05-18 01:59:58 [sia_preparation] CRITICAL Process-48: Nivel 3: 35 estados procesados.
2026-05-18 01:59:58 [sia_preparation] CRITICAL Process-48: Nivel 4: 35 estados procesados.
2026-05-18 01:59:58 [sia_preparation] CRITICAL Process-48: Nivel 5: 21 estados procesados.
2026-05-18 01:59:58 [sia_preparation] CRITICAL Process-48: Nivel 6: 7 estados procesados.
2026-05-18 01:59:58 [sia_preparation] CRITICAL Process-48: Nivel 7: 1 estados procesados.
2026-05-18 01:59:58 [sia_preparation] CRITICAL Process-48: Tabla T completa. Identificando candidatos...
2026-05-18 01:59:58 [sia_preparation] CRITICAL Process-48: Candidatos generados: 47
2026-05-18 01:59:58 [sia_preparation] CRITICAL Process-48: Evaluando candidato 1/47...
2026-05-18 01:59:58 [sia_preparation] CRITICAL Process-48: Evaluando candidato 2/47...
2026-05-18 01:59:58 [sia_preparation] CRITICAL Process-48: Evaluando candidato 3/47...
2026-05-18 01:59:58 [sia_preparation] CRITICAL Process-48: Evaluando candidato 4/47...
2026-05-18 01:59:58 [sia_preparation] CRITICAL Process-48: Evaluando candidato 5/47...
2026-05-18 01:59:58 [sia_preparation] CRITICAL Process-48: Evaluando candidato 6/47...
2026-05-18 01:59:58 [sia_preparation] CRITICAL Process-48: Evaluando candidato 7/47...
2026-05-18 01:59:58 [sia_preparation] CRITICAL Process-48: Evaluando candidato 8/47...
2026-05-18 01:59:58 [sia_preparation] CRITICAL Process-48: Evaluando candidato 9/47...
2026-05-18 01:59:58 [sia_preparation] CRITICAL Process-48: Evaluando candidato 10/47...
2026-05-18 01:59:58 [sia_preparation] CRITICAL Process-48: Evaluando candidato 11/47...
2026-05-18 01:59:58 [sia_preparation] CRITICAL Process-48: Evaluando candidato 12/47...
2026-05-18 01:59:58 [sia_preparation] CRITICAL Process-48: Evaluando candidato 13/47...
2026-05-18 01:59:58 [sia_preparation] CRITICAL Process-48: Evaluando candidato 14/47...
2026-05-18 01:59:58 [sia_preparation] CRITICAL Process-48: Evaluando candidato 15/47...
2026-05-18 01:59:58 [sia_preparation] CRITICAL Process-48: Evaluando candidato 16/47...
2026-05-18 01:59:58 [sia_preparation] CRITICAL Process-48: Evaluando candidato 17/47...
2026-05-18 01:59:58 [sia_preparation] CRITICAL Process-48: Evaluando candidato 18/47...
2026-05-18 01:59:58 [sia_preparation] CRITICAL Process-48: Evaluando candidato 19/47...
2026-05-18 01:59:58 [sia_preparation] CRITICAL Process-48: Evaluando candidato 20/47...
2026-05-18 01:59:58 [sia_preparation] CRITICAL Process-48: Evaluando candidato 21/47...
2026-05-18 01:59:58 [sia_preparation] CRITICAL Process-48: Evaluando candidato 22/47...
2026-05-18 01:59:58 [sia_preparation] CRITICAL Process-48: Evaluando candidato 23/47...
2026-05-18 01:59:58 [sia_preparation] CRITICAL Process-48: Evaluando candidato 24/47...
2026-05-18 01:59:58 [sia_preparation] CRITICAL Process-48: Evaluando candidato 25/47...
2026-05-18 01:59:58 [sia_preparation] CRITICAL Process-48: Evaluando candidato 26/47...
2026-05-18 01:59:58 [sia_preparation] CRITICAL Process-48: Evaluando candidato 27/47...
2026-05-18 01:59:58 [sia_preparation] CRITICAL Process-48: Evaluando candidato 28/47...
2026-05-18 01:59:58 [sia_preparation] CRITICAL Process-48: Evaluando candidato 29/47...
2026-05-18 01:59:58 [sia_preparation] CRITICAL Process-48: Evaluando candidato 30/47...
2026-05-18 01:59:58 [sia_preparation] CRITICAL Process-48: Evaluando candidato 31/47...
2026-05-18 01:59:58 [sia_preparation] CRITICAL Process-48: Evaluando candidato 32/47...
2026-05-18 01:59:58 [sia_preparation] CRITICAL Process-48: Evaluando candidato 33/47...
2026-05-18 01:59:58 [sia_preparation] CRITICAL Process-48: Evaluando candidato 34/47...
2026-05-18 01:59:58 [sia_preparation] CRITICAL Process-48: Evaluando candidato 35/47...
2026-05-18 01:59:58 [sia_preparation] CRITICAL Process-48: Evaluando candidato 36/47...
2026-05-18 01:59:58 [sia_preparation] CRITICAL Process-48: Evaluando candidato 37/47...
2026-05-18 01:59:58 [sia_preparation] CRITICAL Process-48: Evaluando candidato 38/47...
2026-05-18 01:59:58 [sia_preparation] CRITICAL Process-48: Evaluando candidato 39/47...
2026-05-18 01:59:58 [sia_preparation] CRITICAL Process-48: Evaluando candidato 40/47...
2026-05-18 01:59:58 [sia_preparation] CRITICAL Process-48: Evaluando candidato 41/47...
2026-05-18 01:59:58 [sia_preparation] CRITICAL Process-48: Evaluando candidato 42/47...
2026-05-18 01:59:58 [sia_preparation] CRITICAL Process-48: Evaluando candidato 43/47...
2026-05-18 01:59:58 [sia_preparation] CRITICAL Process-48: Evaluando candidato 44/47...
2026-05-18 01:59:58 [sia_preparation] CRITICAL Process-48: Evaluando candidato 45/47...
2026-05-18 01:59:58 [sia_preparation] CRITICAL Process-48: Evaluando candidato 46/47...
2026-05-18 01:59:58 [sia_preparation] CRITICAL Process-48: Evaluando candidato 47/47...
2026-05-18 01:59:58 [sia_preparation] CRITICAL Process-48: MIP encontrada.
