2026-05-19 20:19:10 [sia_preparation] CRITICAL Process-50: Original creado.
2026-05-19 20:19:10 [sia_preparation] CRITICAL Process-50: Original:
2026-05-19 20:19:10 [sia_preparation] CRITICAL Process-50: Candidato creado.
2026-05-19 20:19:10 [sia_preparation] CRITICAL Process-50: Subsistema creado.
2026-05-19 20:19:10 [sia_preparation] CRITICAL Process-50: Iniciando análisis GeoMIP-K.
2026-05-19 20:19:13 [sia_preparation] CRITICAL Process-50: Tabla T completa. Generando candidatos...
2026-05-19 20:19:13 [sia_preparation] CRITICAL Process-50: Candidatos generados: 20
2026-05-19 20:19:13 [sia_preparation] CRITICAL Process-50: Evaluando candidato 1/20...
2026-05-19 20:19:13 [sia_preparation] CRITICAL Process-50: Evaluando candidato 2/20...
2026-05-19 20:19:13 [sia_preparation] CRITICAL Process-50: Evaluando candidato 3/20...
2026-05-19 20:19:13 [sia_preparation] CRITICAL Process-50: Evaluando candidato 4/20...
2026-05-19 20:19:13 [sia_preparation] CRITICAL Process-50: Evaluando candidato 5/20...
2026-05-19 20:19:13 [sia_preparation] CRITICAL Process-50: Evaluando candidato 6/20...
2026-05-19 20:19:13 [sia_preparation] CRITICAL Process-50: Evaluando candidato 7/20...
2026-05-19 20:19:13 [sia_preparation] CRITICAL Process-50: Evaluando candidato 8/20...
2026-05-19 20:19:13 [sia_preparation] CRITICAL Process-50: Evaluando candidato 9/20...
2026-05-19 20:19:13 [sia_preparation] CRITICAL Process-50: Evaluando candidato 10/20...
2026-05-19 20:19:13 [sia_preparation] CRITICAL Process-50: Evaluando candidato 11/20...
2026-05-19 20:19:13 [sia_preparation] CRITICAL Process-50: Evaluando candidato 12/20...
2026-05-19 20:19:13 [sia_preparation] CRITICAL Process-50: Evaluando candidato 13/20...
2026-05-19 20:19:13 [sia_preparation] CRITICAL Process-50: Evaluando candidato 14/20...
2026-05-19 20:19:13 [sia_preparation] CRITICAL Process-50: Evaluando candidato 15/20...
2026-05-19 20:19:13 [sia_preparation] CRITICAL Process-50: Evaluando candidato 16/20...
2026-05-19 20:19:13 [sia_preparation] CRITICAL Process-50: Evaluando candidato 17/20...
2026-05-19 20:19:13 [sia_preparation] CRITICAL Process-50: Evaluando candidato 18/20...
2026-05-19 20:19:13 [sia_preparation] CRITICAL Process-50: Evaluando candidato 19/20...
2026-05-19 20:19:13 [sia_preparation] CRITICAL Process-50: Evaluando candidato 20/20...
2026-05-19 20:19:13 [sia_preparation] CRITICAL Process-50: MIP encontrada.
